Tue 13:44: PROGRESS: MaxCompiler version: 2015.2
Tue 13:44: PROGRESS: Build "PassThrough" start time: Tue Nov 14 13:44:30 UTC 2023
Tue 13:44: PROGRESS: Main build process running as user root on host 92000b120889
Tue 13:44: INFO    : Loading build properties from bundled MaxCompiler_build.conf...
Tue 13:44: INFO    : Loading default build properties from /opt/MaxCompiler_build.conf
Tue 13:44: INFO    : User build properties not found in file: /root/.MaxCompiler_build_user.conf
Tue 13:44: INFO    : No user-specified external build property file has been specified.
Tue 13:44: INFO    : (Set environment variable MAXCOMPILER_BUILD_CONF_FILE to assign one)
Tue 13:44: INFO    : Loading additional parameters from MAXCOMPILER_BUILD_CONF environment variable
Tue 13:44: PROGRESS: Build location: /tmp/PassThrough_MAIA_DFE_SIM
Tue 13:44: PROGRESS: Detailed build log available in "_build.log"
Tue 13:44: INFO    : Created build manager PassThrough (PassThrough_MAIA_DFE_SIM Tue Nov 14 13:44:30 UTC 2023). (13:44:31 14/11/23)
Tue 13:44: INFO    : Working in dir: /tmp/PassThrough_MAIA_DFE_SIM
Tue 13:44: INFO    : Java class path (2 paths):
Tue 13:44: INFO    : 	/home/milutinovic/WebIDE-Projects/NikolaJanjicNikolaDzajevicHW1/RunRules/Simulation/dist/bin
Tue 13:44: INFO    : 	/opt/maxcompiler/lib/MaxCompiler.jar
Tue 13:44: INFO    : Java process started by 'main' method in class 'passthrough.PassThroughManager'.
Tue 13:44: INFO    : build.arbitrated_core_cache parameter is blank, not using core-cache
Tue 13:44: INFO    : Checking license files in directory: /opt/maxcompiler//licenses
Tue 13:44: INFO    : All license signatures valid.
Tue 13:44: PROGRESS: Instantiating manager
Tue 13:44: PROGRESS: Instantiating kernel "PassThroughKernel"
Tue 13:44: INFO    : Backing-up source-files (old source files in build directory will be removed first)...
Tue 13:44: INFO    : Source directories: src
Tue 13:44: INFO    : Not deleting directory (does not exist): src
Tue 13:44: INFO    : Copying source-files took 2.23219 ms
Tue 13:44: PROGRESS: Compiling manager (CPU I/O Only)
Tue 13:44: INFO    : Backing-up source-files (old source files in build directory will be removed first)...
Tue 13:44: INFO    : Source directories: src
Tue 13:44: INFO    : Deleting directory: src
Tue 13:44: INFO    : Copying source-files took 2.23654 ms
Tue 13:44: INFO    : Manager Configuration:
Tue 13:44: INFO    : 	ManagerConfiguration.allowNonMultipleTransitions = false                   [Init: false]
Tue 13:44: INFO    : 	ManagerConfiguration.board = MAX4848A                                      [Init: null, init: MAX4848A]
Tue 13:44: INFO    : 	ManagerConfiguration.build.buildEffort = MEDIUM                            [Init: MEDIUM]
Tue 13:44: INFO    : 	ManagerConfiguration.build.enableChipScopeInserter = false                 [Init: false]
Tue 13:44: INFO    : 	ManagerConfiguration.build.enableTimingAnalysis = true                     [Init: true]
Tue 13:44: INFO    : 	ManagerConfiguration.build.level = FULL_BUILD                              [Init: FULL_BUILD]
Tue 13:44: INFO    : 	ManagerConfiguration.build.mpprContinueAfterMeetingTiming = false          [Init: false]
Tue 13:44: INFO    : 	ManagerConfiguration.build.mpprCtMax = 1                                   [Init: 1]
Tue 13:44: INFO    : 	ManagerConfiguration.build.mpprCtMin = 1                                   [Init: 1]
Tue 13:44: INFO    : 	ManagerConfiguration.build.mpprParallelism = 1                             [Init: 1]
Tue 13:44: INFO    : 	ManagerConfiguration.build.mpprRetryMissesThrshld = 0                      [Init: 0]
Tue 13:44: INFO    : 	ManagerConfiguration.build.optGoal = BALANCED                              [Init: BALANCED]
Tue 13:44: INFO    : 	ManagerConfiguration.build.physSynthAsyncPipelining = AUTO                 [Init: AUTO]
Tue 13:44: INFO    : 	ManagerConfiguration.build.physSynthCombLogic = AUTO                       [Init: AUTO]
Tue 13:44: INFO    : 	ManagerConfiguration.build.physSynthCombLogicForArea = AUTO                [Init: AUTO]
Tue 13:44: INFO    : 	ManagerConfiguration.build.physSynthEffort = AUTO                          [Init: AUTO]
Tue 13:44: INFO    : 	ManagerConfiguration.build.physSynthRegDuplication = AUTO                  [Init: AUTO]
Tue 13:44: INFO    : 	ManagerConfiguration.build.physSynthRetiming = AUTO                        [Init: AUTO]
Tue 13:44: INFO    : 	ManagerConfiguration.build.physicalSynthesis = false                       [Init: false]
Tue 13:44: INFO    : 	ManagerConfiguration.buildTarget = DFE_SIM                                 [Init: null, init: DFE_SIM]
Tue 13:44: INFO    : 	ManagerConfiguration.debug.chipscopeCaptureDepth = 4096                    [Init: 4096]
Tue 13:44: INFO    : 	ManagerConfiguration.debug.fifoUnderOverFlowRegs = false                   [Init: false]
Tue 13:44: INFO    : 	ManagerConfiguration.debug.memCtlDebugRegs = true                          [Init: true]
Tue 13:44: INFO    : 	ManagerConfiguration.debug.memCtlExtraDebugRegs = false                    [Init: false]
Tue 13:44: INFO    : 	ManagerConfiguration.debug.memMarginingSupport = false                     [Init: false]
Tue 13:44: INFO    : 	ManagerConfiguration.debug.memPhyDebugRegister = NONE                      [Init: NONE]
Tue 13:44: INFO    : 	ManagerConfiguration.debug.memPllLockDebugRegs = true                      [Init: true]
Tue 13:44: INFO    : 	ManagerConfiguration.debug.streamStatus = false                            [Init: false]
Tue 13:44: INFO    : 	ManagerConfiguration.debug.streamStatusChecksums = false                   [Init: false]
Tue 13:44: INFO    : 	ManagerConfiguration.dram.addressGeneratorsInSlowClock = false             [Init: false]
Tue 13:44: INFO    : 	ManagerConfiguration.dram.arbitrationMode = ROUND_ROBIN                    [Init: ROUND_ROBIN]
Tue 13:44: INFO    : 	ManagerConfiguration.dram.burstSize = 8                                    [Init: 8]
Tue 13:44: INFO    : 	ManagerConfiguration.dram.cmdFifoInReg = false                             [Init: false]
Tue 13:44: INFO    : 	ManagerConfiguration.dram.cmdFifoLutRam = false                            [Init: false]
Tue 13:44: INFO    : 	ManagerConfiguration.dram.cmdFifoRegInRam = true                           [Init: true]
Tue 13:44: INFO    : 	ManagerConfiguration.dram.cmdFifoSize = 31                                 [Init: 31]
Tue 13:44: INFO    : 	ManagerConfiguration.dram.commandEchoModeEnabled = false                   [Init: false]
Tue 13:44: INFO    : 	ManagerConfiguration.dram.commandEchoModeFifoDepth = 512                   [Init: 512]
Tue 13:44: INFO    : 	ManagerConfiguration.dram.commandEchoModeStreamAlmostEmptyLatency = 792    [Init: 792]
Tue 13:44: INFO    : 	ManagerConfiguration.dram.commandEchoModeStreamAlmostEmptyLatency = 8      [Init: 8]
Tue 13:44: INFO    : 	ManagerConfiguration.dram.commandEchoModeStreamStallLatency = 8            [Init: 8]
Tue 13:44: INFO    : 	ManagerConfiguration.dram.dataFifoDepth = 512                              [Init: 512]
Tue 13:44: INFO    : 	ManagerConfiguration.dram.dataFifoLutRam = false                           [Init: false]
Tue 13:44: INFO    : 	ManagerConfiguration.dram.dataFifoWidth = 792                              [Init: 792]
Tue 13:44: INFO    : 	ManagerConfiguration.dram.eccMode = true                                   [Init: false, change: true]
Tue 13:44: INFO    : 	ManagerConfiguration.dram.fabricDataFifoReg = true                         [Init: true]
Tue 13:44: INFO    : 	ManagerConfiguration.dram.fabricRdDataFifoReg = false                      [Init: false]
Tue 13:44: INFO    : 	ManagerConfiguration.dram.flagSupport = false                              [Init: false]
Tue 13:44: INFO    : 	ManagerConfiguration.dram.highPrioStream = false                           [Init: false]
Tue 13:44: INFO    : 	ManagerConfiguration.dram.max2CompatMode = false                           [Init: false]
Tue 13:44: INFO    : 	ManagerConfiguration.dram.max4m_GALAVA_MCP_UseRefClk = false               [Init: false]
Tue 13:44: INFO    : 	ManagerConfiguration.dram.max4m_MAIA_MCP_UseRefClk = false                 [Init: false]
Tue 13:44: INFO    : 	ManagerConfiguration.dram.max4qrateMode = false                            [Init: false]
Tue 13:44: INFO    : 	ManagerConfiguration.dram.memCmdIncSize = 8                                [Init: 8]
Tue 13:44: INFO    : 	ManagerConfiguration.dram.memCmdStartAddrSize = 32                         [Init: 32]
Tue 13:44: INFO    : 	ManagerConfiguration.dram.onCardMemFreq = 400.0                            [Init: 0.0, change: 400.0]
Tue 13:44: INFO    : 	ManagerConfiguration.dram.parEccDebugStream = false                        [Init: false]
Tue 13:44: INFO    : 	ManagerConfiguration.dram.parityEccWidth = 72                              [Init: 0, change: 72]
Tue 13:44: INFO    : 	ManagerConfiguration.dram.parityMode = true                                [Init: false, change: true]
Tue 13:44: INFO    : 	ManagerConfiguration.dram.perdqsPhaseDetect = false                        [Init: false]
Tue 13:44: INFO    : 	ManagerConfiguration.dram.performanceMode = true                           [Init: true]
Tue 13:44: INFO    : 	ManagerConfiguration.enableMPCX = false                                    [Init: false, init: false]
Tue 13:44: INFO    : 	ManagerConfiguration.maxring.maxringConnections = []                       [Init: []]
Tue 13:44: INFO    : 	ManagerConfiguration.maxring.maxringNumLanes = {}                          [Init: {}]
Tue 13:44: INFO    : 	ManagerConfiguration.multiCycleMappedMemoryBus = false                     [Init: false]
Tue 13:44: INFO    : 	ManagerConfiguration.network.qsfp0Mode = QSFP_OFF                          [Init: QSFP_OFF]
Tue 13:44: INFO    : 	ManagerConfiguration.network.qsfp1Mode = QSFP_OFF                          [Init: QSFP_OFF]
Tue 13:44: INFO    : 	ManagerConfiguration.network.qsfp2Mode = QSFP_OFF                          [Init: QSFP_OFF]
Tue 13:44: INFO    : 	ManagerConfiguration.network.qsfp3Mode = QSFP_OFF                          [Init: QSFP_OFF]
Tue 13:44: INFO    : 	ManagerConfiguration.network.qsfp4Mode = QSFP_OFF                          [Init: QSFP_OFF]
Tue 13:44: INFO    : 	ManagerConfiguration.network.qsfp5Mode = QSFP_OFF                          [Init: QSFP_OFF]
Tue 13:44: INFO    : 	ManagerConfiguration.network.qsfp6Mode = QSFP_OFF                          [Init: QSFP_OFF]
Tue 13:44: INFO    : 	ManagerConfiguration.network.qsfp7Mode = QSFP_OFF                          [Init: QSFP_OFF]
Tue 13:44: INFO    : 	ManagerConfiguration.pcie.numPCIeLanes = 8                                 [Init: 0, change: 8]
Tue 13:44: INFO    : 	ManagerConfiguration.pcie.pcieFastClock = true                             [Init: false, change: true]
Tue 13:44: INFO    : 	ManagerConfiguration.pcie.streamFromHostMaxNum = 0                         [Init: 0]
Tue 13:44: INFO    : 	ManagerConfiguration.pcie.streamToHostMaxNum = 0                           [Init: 0]
Tue 13:44: INFO    : 	ManagerConfiguration.persona.boardModel = MAX4848A                         [Init: null, change: MAX4848A]
Tue 13:44: INFO    : 	ManagerConfiguration.persona.ddr3Enable = false                            [Init: false]
Tue 13:44: INFO    : 	ManagerConfiguration.persona.ddr3Frq = 400.0                               [Init: 400.0]
Tue 13:44: INFO    : 	ManagerConfiguration.persona.ddr3Qmode = false                             [Init: false]
Tue 13:44: INFO    : 	ManagerConfiguration.persona.disableMultiplePersona = true                 [Init: true]
Tue 13:44: INFO    : 	ManagerConfiguration.persona.dynamic_scaling = false                       [Init: false]
Tue 13:44: INFO    : 	ManagerConfiguration.persona.enableCPLDOverrideOutpus = false              [Init: false]
Tue 13:44: INFO    : 	ManagerConfiguration.persona.enableJDFEPTPTestLogic = false                [Init: false]
Tue 13:44: INFO    : 	ManagerConfiguration.persona.maxRingLocal = false                          [Init: false]
Tue 13:44: INFO    : 	ManagerConfiguration.persona.maxRingOptical = false                        [Init: false]
Tue 13:44: INFO    : 	ManagerConfiguration.persona.maxringDataRate = 2500.0                      [Init: 2500.0]
Tue 13:44: INFO    : 	ManagerConfiguration.persona.maxringOpticalDataRate = 10000.0              [Init: 10000.0]
Tue 13:44: INFO    : 	ManagerConfiguration.persona.mode = InitMode                               [Init: InitMode]
Tue 13:44: INFO    : 	ManagerConfiguration.persona.networkPTP = OFF                              [Init: OFF]
Tue 13:44: INFO    : 	ManagerConfiguration.persona.panMaxRingA = false                           [Init: false]
Tue 13:44: INFO    : 	ManagerConfiguration.persona.panMaxRingB = false                           [Init: false]
Tue 13:44: INFO    : 	ManagerConfiguration.persona.personaInterfaceVersion = 1                   [Init: 1]
Tue 13:44: INFO    : 	ManagerConfiguration.persona.qdr2Enable = false                            [Init: false]
Tue 13:44: INFO    : 	ManagerConfiguration.persona.qdr2Frq = 350.0                               [Init: 350.0]
Tue 13:44: INFO    : 	ManagerConfiguration.persona.streamClks = 1                                [Init: 1]
Tue 13:44: INFO    : 	ManagerConfiguration.persona.streamFrq = [100.0]                           [Init: [150.0], change: [100.0]]
Tue 13:44: INFO    : 	ManagerConfiguration.persona.streamPs = [0]                                [Init: [0]]
Tue 13:44: INFO    : 	ManagerConfiguration.persona.usePCIeGen1 = false                           [Init: false]
Tue 13:44: INFO    : 	ManagerConfiguration.simulation.nativeFloatingPoint = false                [Init: false]
Tue 13:44: INFO    : 	ManagerConfiguration.streamClockFrq = 100                                  [Init: 100]
Tue 13:44: INFO    : 	ManagerConfiguration.useLegacyStreamFIFOs = false                          [Init: false]
Tue 13:44: INFO    : 
Tue 13:44: INFO    :  -- 
Tue 13:44: PROGRESS: 
Tue 13:44: PROGRESS: Compiling kernel "PassThroughKernel"
Tue 13:44: INFO    : Configuration:
Tue 13:44: INFO    : 	KernelConfiguration.additionalInputPipelining = 64                                          [Init: 64]
Tue 13:44: INFO    : 	KernelConfiguration.allowDSPCascading = true                                                [Init: true]
Tue 13:44: INFO    : 	KernelConfiguration.allowInputsOutputsBeforeFlushNode = false                               [Init: false]
Tue 13:44: INFO    : 	KernelConfiguration.allowZeroLatencyNodeHold = false                                        [Init: false]
Tue 13:44: INFO    : 	KernelConfiguration.board = MAX4848A                                                        [Init: MAX2116B, change: MAX4848A]
Tue 13:44: INFO    : 	KernelConfiguration.bramBitsThreshold = 2080                                                [Init: 2080]
Tue 13:44: INFO    : 	KernelConfiguration.buildTarget = MAXCOMPILERSIM_HOST_DRIVEN                                [Init: NONE, change: MAXCOMPILERSIM_HOST_DRIVEN]
Tue 13:44: INFO    : 	KernelConfiguration.cePipelining = 2                                                        [Init: 2]
Tue 13:44: INFO    : 	KernelConfiguration.clockPhaseBalanceThreshold = 0.1                                        [Init: 0.1]
Tue 13:44: INFO    : 	KernelConfiguration.clockPhasingRetries = 50                                                [Init: 50]
Tue 13:44: INFO    : 	KernelConfiguration.dumpNeighboursString =                                                  [Init: ]
Tue 13:44: INFO    : 	KernelConfiguration.enableCeReplication = true                                              [Init: true]
Tue 13:44: INFO    : 	KernelConfiguration.enableClockPhasePartitioning = false                                    [Init: false]
Tue 13:44: INFO    : 	KernelConfiguration.enableDebugIOControlRegs = true                                         [Init: true]
Tue 13:44: INFO    : 	KernelConfiguration.enableDummyBuild = false                                                [Init: false]
Tue 13:44: INFO    : 	KernelConfiguration.enableKernelProfiler = false                                            [Init: false]
Tue 13:44: INFO    : 	KernelConfiguration.enablePipelinedComputeController = false                                [Init: false]
Tue 13:44: INFO    : 	KernelConfiguration.enableShadowRegister = false                                            [Init: false]
Tue 13:44: INFO    : 	KernelConfiguration.enableSmartKernelControl = false                                        [Init: false]
Tue 13:44: INFO    : 	KernelConfiguration.fifoSrlRegisterStages = 1                                               [Init: 1]
Tue 13:44: INFO    : 	KernelConfiguration.flushOnInputDataCongtiguous = false                                     [Init: false]
Tue 13:44: INFO    : 	KernelConfiguration.hardwareDebugDepth = 512                                                [Init: 512]
Tue 13:44: INFO    : 	KernelConfiguration.hwHierarchyMode = UNSET                                                 [Init: UNSET]
Tue 13:44: INFO    : 	KernelConfiguration.latencyAnnotation = false                                               [Init: false]
Tue 13:44: INFO    : 	KernelConfiguration.latencyAnnotationIOs =                                                  [Init: null]
Tue 13:44: INFO    : 	KernelConfiguration.maxCoalescedFifoWidth = 2147483647                                      [Init: 2147483647]
Tue 13:44: INFO    : 	KernelConfiguration.maxPreAdderFanOut = 1                                                   [Init: 1]
Tue 13:44: INFO    : 	KernelConfiguration.netlistMode = false                                                     [Init: false]
Tue 13:44: INFO    : 	KernelConfiguration.numPhotonStateMachines = 1                                              [Init: 1]
Tue 13:44: INFO    : 	KernelConfiguration.optimizations.ceCounterRegisterDuplication = 1                          [Init: 1]
Tue 13:44: INFO    : 	KernelConfiguration.optimizations.conditionalArithmetic = true                              [Init: true]
Tue 13:44: INFO    : 	KernelConfiguration.optimizations.counterChainWrapPipelining = 0                            [Init: 0]
Tue 13:44: INFO    : 	KernelConfiguration.optimizations.dspAddChain = OPTIMISE                                    [Init: null, Init after BuildTarget change: OPTIMISE]
Tue 13:44: INFO    : 	KernelConfiguration.optimizations.enableActiveFanoutReduction = false                       [Init: false]
Tue 13:44: INFO    : 	KernelConfiguration.optimizations.enableBUFGCE = false                                      [Init: false]
Tue 13:44: INFO    : 	KernelConfiguration.optimizations.enableBetterInputRegistering = false                      [Init: false]
Tue 13:44: INFO    : 	KernelConfiguration.optimizations.enableBetterRegistering = false                           [Init: false]
Tue 13:44: INFO    : 	KernelConfiguration.optimizations.enableFIFOCoalescingAcrossPlacementConstraints = false    [Init: false]
Tue 13:44: INFO    : 	KernelConfiguration.optimizations.enableFifoCoalescing = true                               [Init: true]
Tue 13:44: INFO    : 	KernelConfiguration.optimizations.enableFullPrecisionBinaryOpConstants = false              [Init: false]
Tue 13:44: INFO    : 	KernelConfiguration.optimizations.enableIntegratedRounding = false                          [Init: false]
Tue 13:44: INFO    : 	KernelConfiguration.optimizations.enableMappedMemoryHostReadBack = true                     [Init: true]
Tue 13:44: INFO    : 	KernelConfiguration.optimizations.enableMultiCycleReset = false                             [Init: false]
Tue 13:44: INFO    : 	KernelConfiguration.optimizations.enablePowerTwoFloatMult = true                            [Init: true]
Tue 13:44: INFO    : 	KernelConfiguration.optimizations.enableRedundantNodeDeletion = true                        [Init: true]
Tue 13:44: INFO    : 	KernelConfiguration.optimizations.enableStateMachineRegisterMerging = true                  [Init: true]
Tue 13:44: INFO    : 	KernelConfiguration.optimizations.inputFlushDistanceFactor = 0                              [Init: 0]
Tue 13:44: INFO    : 	KernelConfiguration.optimizations.minimumStaticFIFOSplitDepth = 1                           [Init: 1]
Tue 13:44: INFO    : 	KernelConfiguration.optimizations.optimizationTechnique = DEFAULT                           [Init: DEFAULT]
Tue 13:44: INFO    : 	KernelConfiguration.optimizations.triAdd = true                                             [Init: true]
Tue 13:44: INFO    : 	KernelConfiguration.partialReconfBlockName =                                                [Init: ]
Tue 13:44: INFO    : 	KernelConfiguration.partialReconfMode = false                                               [Init: false]
Tue 13:44: INFO    : 	KernelConfiguration.partialReconfTemplate = false                                           [Init: false]
Tue 13:44: INFO    : 	KernelConfiguration.replicateNodeCeLog2NumPartitions = 0                                    [Init: 0]
Tue 13:44: INFO    : 	KernelConfiguration.romBRAMBitsThreshold = 2080                                             [Init: 2080]
Tue 13:44: INFO    : 	KernelConfiguration.simulation.ramAddressCollisionBehaviour = EXCEPTION                     [Init: EXCEPTION]
Tue 13:44: INFO    : 	KernelConfiguration.simulation.ramOutOfBoundsAccessBehaviour = EXCEPTION                    [Init: EXCEPTION]
Tue 13:44: INFO    : 	KernelConfiguration.simulation.simProgressMessageFrequency = 0                              [Init: 0]
Tue 13:44: INFO    : 
Tue 13:44: INFO    :  -- 
Tue 13:44: INFO    : Writing current graph to: PassThrough-PassThroughKernel-original.pxg
Tue 13:44: INFO    : Running kernel graph-pass 'GeneratePXG'.
Tue 13:44: INFO    : Graph-pass 'GeneratePXG' took 98.7288 ms (1 iterations)
Tue 13:44: INFO    : Running kernel graph-pass 'MarkConstantPass'.
Tue 13:44: INFO    : Graph-pass 'MarkConstantPass' took 1.78029 ms (1 iterations)
Tue 13:44: INFO    : Running kernel graph-pass 'ReachabilityPass'.
Tue 13:44: INFO    : Graph-pass 'ReachabilityPass' took 2.06613 ms (1 iterations)
Tue 13:44: INFO    : Running kernel graph-pass 'FindInputsLeadingToFlush'.
Tue 13:44: INFO    : Graph-pass 'FindInputsLeadingToFlush' took 91.1280 ?s (1 iterations)
Tue 13:44: INFO    : Running kernel graph-pass 'CheckForStatefulToFlushViolations'.
Tue 13:44: INFO    : Graph-pass 'CheckForStatefulToFlushViolations' took 359.002 ?s (1 iterations)
Tue 13:44: INFO    : Running kernel graph-pass 'CheckForInputToFlushViolations'.
Tue 13:44: INFO    : Graph-pass 'CheckForInputToFlushViolations' took 923.675 ?s (1 iterations)
Tue 13:44: INFO    : Not deleting directory (does not exist): neighbours
Tue 13:44: INFO    : Running Photon pre-schedule graph optimisations
Tue 13:44: INFO    : Running kernel graph-pass 'AlignOrEradicatePrintfs'.
Tue 13:44: INFO    : Graph-pass 'AlignOrEradicatePrintfs' took 92.7610 ?s (1 iterations)
Tue 13:44: INFO    : Running kernel graph-pass 'FoldConstantsPass'.
Tue 13:44: INFO    : Graph-pass 'FoldConstantsPass' took 685.258 ?s (1 iterations)
Tue 13:44: INFO    : Running kernel graph-pass 'OptimiseNodesPass'.
Tue 13:44: INFO    : Constant multiplication by 5.00000 (node 4) has been optimized to shifts/adds
Tue 13:44: INFO    : Constant multiplication by 4.00000 (node 8) has been optimized to shifts/adds
Tue 13:44: INFO    : Graph-pass 'OptimiseNodesPass' took 25.5646 ms (2 iterations)
Tue 13:44: INFO    : Running kernel graph-pass 'DeleteRedundantNodes'.
Tue 13:44: INFO    : Graph-pass 'DeleteRedundantNodes' took 298.696 ?s (1 iterations)
Tue 13:44: INFO    : Running kernel graph-pass 'AlteraDSPExtractionGraphPass'.
Tue 13:44: INFO    : Optimized 0 sub-graphs into DSP multiply/add chains 
Tue 13:44: INFO    : Graph-pass 'AlteraDSPExtractionGraphPass' took 4.34119 ms (1 iterations)
Tue 13:44: INFO    : Running kernel graph-pass 'TriAddExtractionPass'.
Tue 13:44: INFO    : Graph-pass 'TriAddExtractionPass' took 1.12885 ms (1 iterations)
Tue 13:44: INFO    : Running kernel graph-pass 'ConditionalAddExtractionPass'.
Tue 13:44: INFO    : Optimized 0 sub-graphs into conditional adds/subs/triadds.
Tue 13:44: INFO    : Graph-pass 'ConditionalAddExtractionPass' took 910.206 ?s (1 iterations)
Tue 13:44: INFO    : Running kernel graph-pass 'PO2FPMultOptimiser'.
Tue 13:44: INFO    : Graph-pass 'PO2FPMultOptimiser' took 135.899 ?s (1 iterations)
Tue 13:44: INFO    : Running Photon simulation preparation
Tue 13:44: INFO    : Running kernel graph-pass 'PrepareSimulationPass'.
Tue 13:44: INFO    : Graph-pass 'PrepareSimulationPass' took 92.0020 ?s (1 iterations)
Tue 13:44: INFO    : Logging Photon stats to: PassThroughKernel_photon_stats.csv
Tue 13:44: INFO    : Running kernel graph-pass 'StatsPass'.
Tue 13:44: INFO    : Graph-pass 'StatsPass' took 1.69213 ms (1 iterations)
Tue 13:44: INFO    : Running kernel graph-pass 'CollectNumericExceptions'.
Tue 13:44: INFO    : Graph-pass 'CollectNumericExceptions' took 105.446 ?s (1 iterations)
Tue 13:44: INFO    : Running kernel graph-pass 'StreamOffsetDivExpand'.
Tue 13:44: INFO    : Graph-pass 'StreamOffsetDivExpand' took 102.826 ?s (1 iterations)
Tue 13:44: INFO    : Running kernel graph-pass 'FindIllegalLoops'.
Tue 13:44: INFO    : Graph-pass 'FindIllegalLoops' took 708.909 ?s (1 iterations)
Tue 13:44: INFO    : Running kernel graph-pass 'MarkConstantPass'.
Tue 13:44: INFO    : Graph-pass 'MarkConstantPass' took 140.750 ?s (1 iterations)
Tue 13:44: INFO    : Running kernel graph-pass 'ScheduleVariables'.
Tue 13:44: INFO    : Graph-pass 'ScheduleVariables' took 2.85653 ms (1 iterations)
Tue 13:44: INFO    : Running kernel graph-pass 'SubstituteEqPlaceholders'.
Tue 13:44: INFO    : Graph-pass 'SubstituteEqPlaceholders' took 80.6490 ?s (1 iterations)
Tue 13:44: INFO    : Running kernel graph-pass 'ScheduleApplier'.
Tue 13:44: INFO    : Graph-pass 'ScheduleApplier' took 1.07268 ms (1 iterations)
Tue 13:44: INFO    : Running kernel graph-pass 'MarkConstantPass'.
Tue 13:44: INFO    : Graph-pass 'MarkConstantPass' took 138.818 ?s (1 iterations)
Tue 13:44: INFO    : Running kernel graph-pass 'ScheduleDumper'.
Tue 13:44: INFO    : Graph-pass 'ScheduleDumper' took 1.35069 ms (1 iterations)
Tue 13:44: INFO    : Running Photon post-schedule graph optimisations (pass 1)
Tue 13:44: INFO    : Running kernel graph-pass 'TapFIFOsPass'.
Tue 13:44: INFO    : Graph-pass 'TapFIFOsPass' took 567.063 ?s (1 iterations)
Tue 13:44: INFO    : Running kernel graph-pass 'FoldFIFOsPass'.
Tue 13:44: INFO    : Graph-pass 'FoldFIFOsPass' took 278.839 ?s (1 iterations)
Tue 13:44: INFO    : Running kernel graph-pass 'MarkConstantPass'.
Tue 13:44: INFO    : Graph-pass 'MarkConstantPass' took 143.770 ?s (1 iterations)
Tue 13:44: INFO    : Running kernel graph-pass 'ValidateFIFOs'.
Tue 13:44: INFO    : Graph-pass 'ValidateFIFOs' took 84.9930 ?s (1 iterations)
Tue 13:44: INFO    : Running kernel graph-pass 'MarkConstantPass'.
Tue 13:44: INFO    : Graph-pass 'MarkConstantPass' took 139.784 ?s (1 iterations)
Tue 13:44: INFO    : Running kernel graph-pass 'ScheduleDumper'.
Tue 13:44: INFO    : Graph-pass 'ScheduleDumper' took 1.12334 ms (1 iterations)
Tue 13:44: INFO    : Running kernel graph-pass 'MarkConstantPass'.
Tue 13:44: INFO    : Graph-pass 'MarkConstantPass' took 140.443 ?s (1 iterations)
Tue 13:44: INFO    : Running kernel graph-pass 'ScheduleConstants'.
Tue 13:44: INFO    : Running command: "/opt/maxcompiler//bin/cbc" "PassThroughKernel_schedule_C.mps.gz" -threads 4 -solve  -printi csv -solu "PassThroughKernel_schedule_C.csv" > "PassThroughKernel_schedule_C.stdout.log"
Tue 13:44: INFO    : Optimum found: 128
Tue 13:44: INFO    : Graph-pass 'ScheduleConstants' took 62.9225 ms (1 iterations)
Tue 13:44: INFO    : Running kernel graph-pass 'MarkConstantPass'.
Tue 13:44: INFO    : Graph-pass 'MarkConstantPass' took 297.215 ?s (1 iterations)
Tue 13:44: INFO    : Running kernel graph-pass 'ScheduleDumper'.
Tue 13:44: INFO    : Graph-pass 'ScheduleDumper' took 1.80983 ms (1 iterations)
Tue 13:44: INFO    : Running kernel graph-pass 'SubstituteEqPlaceholders'.
Tue 13:44: INFO    : Graph-pass 'SubstituteEqPlaceholders' took 72.5980 ?s (1 iterations)
Tue 13:44: INFO    : Running kernel graph-pass 'RemoveDistMeasurementNodes'.
Tue 13:44: INFO    : Graph-pass 'RemoveDistMeasurementNodes' took 16.3010 ?s (1 iterations)
Tue 13:44: INFO    : Running kernel graph-pass 'ScheduleApplier'.
Tue 13:44: INFO    : Graph-pass 'ScheduleApplier' took 15.8008 ms (1 iterations)
Tue 13:44: INFO    : Maximum stream latency for kernel 'PassThroughKernel': 16
Tue 13:44: INFO    : Using user logic for flush.
Tue 13:44: INFO    : Running Photon post-schedule graph optimisations (pass 2)
Tue 13:44: INFO    : Running kernel graph-pass 'TapFIFOsPass'.
Tue 13:44: INFO    : Graph-pass 'TapFIFOsPass' took 13.1114 ms (2 iterations)
Tue 13:44: INFO    : Running kernel graph-pass 'FoldFIFOsPass'.
Tue 13:44: INFO    : Graph-pass 'FoldFIFOsPass' took 331.083 ?s (1 iterations)
Tue 13:44: INFO    : Running kernel graph-pass 'MarkConstantPass'.
Tue 13:44: INFO    : Graph-pass 'MarkConstantPass' took 158.494 ?s (1 iterations)
Tue 13:44: INFO    : Running kernel graph-pass 'ScheduleAsserter'.
Tue 13:44: INFO    : Graph-pass 'ScheduleAsserter' took 493.547 ?s (1 iterations)
Tue 13:44: INFO    : Running kernel graph-pass 'ReplaceEvalStreamOffsetNodes'.
Tue 13:44: INFO    : Graph-pass 'ReplaceEvalStreamOffsetNodes' took 91.2150 ?s (1 iterations)
Tue 13:44: INFO    : Running kernel graph-pass 'FIFOReport'.
Tue 13:44: INFO    : Graph-pass 'FIFOReport' took 1.30589 ms (1 iterations)
Tue 13:44: INFO    : Running kernel graph-pass 'StatsPass'.
Tue 13:44: INFO    : Graph-pass 'StatsPass' took 1.43448 ms (1 iterations)
Tue 13:44: INFO    : Running kernel graph-pass 'RemoveUntypedConstants'.
Tue 13:44: WARNING : Warning (CONSTANT_ENCODING):
Tue 13:44: WARNING : Precision loss occurred in some constant values.
Tue 13:44: WARNING : For details see /tmp/PassThrough_MAIA_DFE_SIM/scratch/PassThroughKernel_constants_report.txt
Tue 13:44: INFO    : Graph-pass 'RemoveUntypedConstants' took 13.4385 ms (1 iterations)
Tue 13:44: INFO    : Running kernel graph-pass 'VariableSizeMappedRegInserter'.
Tue 13:44: INFO    : Graph-pass 'VariableSizeMappedRegInserter' took 99.9100 ?s (1 iterations)
Tue 13:44: INFO    : Running kernel graph-pass 'MarkConstantPass'.
Tue 13:44: INFO    : Graph-pass 'MarkConstantPass' took 187.329 ?s (1 iterations)
Tue 13:44: INFO    : Running kernel graph-pass 'MakeMaxFileNodeData'.
Tue 13:44: INFO    : Graph-pass 'MakeMaxFileNodeData' took 1.97429 ms (1 iterations)
Tue 13:44: INFO    : Running kernel graph-pass 'MoveFanoutRegsForwards'.
Tue 13:44: INFO    : Graph-pass 'MoveFanoutRegsForwards' took 91.1040 ?s (1 iterations)
Tue 13:44: INFO    : Optimization report for Kernel 'PassThroughKernel'.
Tue 13:44: INFO    : Enabled optimizations:
Tue 13:44: INFO    : 	DSP-MultAdd
Tue 13:44: INFO    : 	Tri-Adder
Tue 13:44: INFO    : 	Conditional (Tri)Adds/Subs/AddSubs
Tue 13:44: INFO    : 	Power-of-2 Floating Point
Tue 13:44: INFO    : Creating a preliminary MaxCompilerDesignData.dat. (@ CoreCompile PassThroughKernel)
Tue 13:44: INFO    : Total compilation of 'PassThroughKernel' took 397.286 ms.
Tue 13:44: INFO    : Running kernel graph-pass 'MarkConstantPass'.
Tue 13:44: INFO    : Graph-pass 'MarkConstantPass' took 182.334 ?s (1 iterations)
Tue 13:44: INFO    : Running kernel graph-pass 'MaxConstantLatency'.
Tue 13:44: INFO    : Graph-pass 'MaxConstantLatency' took 415.298 ?s (1 iterations)
Tue 13:44: INFO    : Running kernel graph-pass 'SimCodeGraphPass'.
Tue 13:44: INFO    : Graph-pass 'SimCodeGraphPass' took 12.1950 ms (1 iterations)
Tue 13:44: INFO    : Writing current graph to: PassThrough-PassThroughKernel-final-simulation.pxg
Tue 13:44: INFO    : Running kernel graph-pass 'GeneratePXG'.
Tue 13:44: INFO    : Graph-pass 'GeneratePXG' took 41.1901 ms (1 iterations)
Tue 13:44: INFO    : Running manager compiler graph-pass: GenerateMXGInfo
Tue 13:44: INFO    : Running manager compiler graph-pass: ScheduleStallLatency
Tue 13:44: INFO    : Running manager compiler graph-pass: ClockWidthAssignment
Tue 13:44: INFO    : Running manager compiler graph-pass: InsertDualAspectLogic
Tue 13:44: INFO    : Running manager compiler graph-pass: ClockWidthAssignment
Tue 13:44: INFO    : Running manager compiler graph-pass: InsertPullPushAdapter
Tue 13:44: INFO    : Running manager compiler graph-pass: ClockWidthAssignment
Tue 13:44: INFO    : Running manager compiler graph-pass: InsertStreamFifos
Tue 13:44: INFO    : Running manager compiler graph-pass: ClockWidthAssignment
Tue 13:44: INFO    : Running manager compiler graph-pass: InsertStreamStatus
Tue 13:44: INFO    : Running manager compiler graph-pass: InsertChipscope
Tue 13:44: INFO    : Inserted 0 chipscope manager nodes.
Tue 13:44: INFO    : Running manager compiler graph-pass: ClockWidthAssignment
Tue 13:44: INFO    : Running manager compiler graph-pass: ReportClockAssignments
Tue 13:44: INFO    : Running manager compiler graph-pass: BuildSoftwareSim
Tue 13:44: INFO    : Mapped register report:
Tue 13:44: INFO    : 	0	io_x_force_disabled	1bytes
Tue 13:44: INFO    : 	1	io_result_force_disabled	1bytes
Tue 13:44: INFO    : 	2	run_cycle_count	6bytes
Tue 13:44: INFO    : 	8	current_run_cycle_count	6bytes
Tue 13:44: INFO    : 	e	dbg_ctld_almost_empty	1bytes
Tue 13:44: INFO    : 	f	dbg_ctld_done	1bytes
Tue 13:44: INFO    : 	10	dbg_ctld_empty	1bytes
Tue 13:44: INFO    : 	11	dbg_ctld_read	1bytes
Tue 13:44: INFO    : 	12	dbg_ctld_read_pipe_dbg	1bytes
Tue 13:44: INFO    : 	13	dbg_ctld_request	1bytes
Tue 13:44: INFO    : 	14	dbg_done_out	1bytes
Tue 13:44: INFO    : 	15	dbg_fill_level	1bytes
Tue 13:44: INFO    : 	16	dbg_flush_level	1bytes
Tue 13:44: INFO    : 	17	dbg_flush_start	1bytes
Tue 13:44: INFO    : 	18	dbg_flush_start_level	1bytes
Tue 13:44: INFO    : 	19	dbg_flushing	1bytes
Tue 13:44: INFO    : 	1a	dbg_full_level	1bytes
Tue 13:44: INFO    : 	1b	dbg_out_stall	1bytes
Tue 13:44: INFO    : 	1c	dbg_out_valid	1bytes
Tue 13:44: INFO    : 	1d	dbg_stall_vector	1bytes
Tue 13:44: INFO    : 	1e	ifpga_ctrl	1bytes
Tue 13:44: INFO    : 	1f	SFA_FORWARD_EN	4bytes
Tue 13:44: INFO    : Mapped register chain length = 35
Tue 13:44: INFO    : Mapped register efficiency = 0.61 (172 / 280 bits)
Tue 13:44: INFO    : Mapped memory report:
Tue 13:44: INFO    : 	No mapped memories in this design.
Tue 13:44: INFO    : Running manager compiler graph-pass: GenerateMXGInfo
Tue 13:44: INFO    : Running manager compiler graph-pass: GenerateSlicHostCode
Tue 13:44: INFO    : Generating SLIC interface information
Tue 13:44: INFO    : Generating SLIC code for interface 'default'
Tue 13:44: INFO    : Skipping blacklisted scalar parameter 'PassThroughKernel.current_run_cycle_count'
Tue 13:44: INFO    : Interface 'default' depends on parameter 'N'
Tue 13:44: INFO    : Generating XML description for Maxfile
Tue 13:44: INFO    : Generating XML description for mode 'default'
Tue 13:44: INFO    : Skipping blacklisted scalar parameter 'PassThroughKernel.current_run_cycle_count'
Tue 13:44: INFO    : Interface 'default' depends on parameter 'N'
Tue 13:44: INFO    : Adding SLIC sections to the maxfile
Tue 13:44: INFO    : Adding user files to the maxfile
Tue 13:44: INFO    : Generating SLIC include file
Tue 13:44: INFO    : Done generating SLIC interface information
Tue 13:44: PROGRESS: Running back-end simulation build (3 phases)
Tue 13:44: PROGRESS: (1/3) - Prepare MaxFile Data (GenerateMaxFileDataFile)
Tue 13:44: INFO    : Build pass 'GenerateMaxFileDataFile' took 12.3824 ms.
Tue 13:44: PROGRESS: (2/3) - Compile Simulation Modules (SimCompilePass)
Tue 13:44: INFO    : Running command: make -j2
Tue 13:44: INFO    : In file included from max_msi.cpp:19:
Tue 13:44: INFO    : /tmp/PassThrough_MAIA_DFE_SIM/scratch/software-sim/build/MaxFile.h:4:9: warning: '_QUOTE' macro redefined [-Wmacro-redefined]
Tue 13:44: INFO    : #define _QUOTE(what) #what
Tue 13:44: INFO    :         ^
Tue 13:44: INFO    : /opt/maxcompiler//lib/maxeleros-sim/include/maxrt_error.h:87:9: note: previous definition is here
Tue 13:44: INFO    : #define _QUOTE(x) #x
Tue 13:44: INFO    :         ^
Tue 13:44: INFO    : 1 warning generated.
Tue 13:44: INFO    : Build pass 'SimCompilePass' took 6.60848 s.
Tue 13:44: PROGRESS: (3/3) - Generate MaxFile (AddSimObjectToMaxFilePass)
Tue 13:44: INFO    : Build pass 'AddSimObjectToMaxFilePass' took 212.832 ms.
Tue 13:44: INFO    : Final result files after build: 
Tue 13:44: INFO    : Running command: ln -sf "../scratch/PassThrough-PassThroughKernel-original.pxg"
Tue 13:44: INFO    : PassThrough-PassThroughKernel-original.pxg (BuildFilePXG)
Tue 13:44: INFO    : Running command: ln -sf "../scratch/PassThroughKernel_Configuration.txt"
Tue 13:44: INFO    : PassThroughKernel_Configuration.txt (BuildFile)
Tue 13:44: INFO    : Running command: ln -sf "../scratch/PassThroughKernel_NodeDiary.txt"
Tue 13:44: INFO    : PassThroughKernel_NodeDiary.txt (BuildFile)
Tue 13:44: INFO    : Running command: ln -sf "../scratch/PassThrough-PassThroughKernel-final-simulation.pxg"
Tue 13:44: INFO    : PassThrough-PassThroughKernel-final-simulation.pxg (BuildFilePXG)
Tue 13:44: INFO    : Running command: ln -sf "../scratch/PassThrough.xml"
Tue 13:44: INFO    : PassThrough.xml (BuildFile)
Tue 13:44: INFO    : Running command: ln -sf "../scratch/PassThrough.h"
Tue 13:44: INFO    : PassThrough.h (BuildFileSlicH)
Tue 13:44: INFO    : Running command: ln -sf "../scratch/PassThrough.max"
Tue 13:44: INFO    : PassThrough.max (BuildFileMaxFile)
Tue 13:44: INFO    : Result files will be copied to '/home/milutinovic/WebIDE-Projects/NikolaJanjicNikolaDzajevicHW1/CPUCode/results'
Tue 13:44: INFO    : Copying result 'PassThrough-PassThroughKernel-original.pxg' to '/home/milutinovic/WebIDE-Projects/NikolaJanjicNikolaDzajevicHW1/CPUCode/results/PassThrough-PassThroughKernel-original.pxg'
Tue 13:44: INFO    : Running command: cp -rf "/tmp/PassThrough_MAIA_DFE_SIM/scratch/PassThrough-PassThroughKernel-original.pxg" "/home/milutinovic/WebIDE-Projects/NikolaJanjicNikolaDzajevicHW1/CPUCode/results/PassThrough-PassThroughKernel-original.pxg"
Tue 13:44: INFO    : Copying result 'PassThrough-PassThroughKernel-final-simulation.pxg' to '/home/milutinovic/WebIDE-Projects/NikolaJanjicNikolaDzajevicHW1/CPUCode/results/PassThrough-PassThroughKernel-final-simulation.pxg'
Tue 13:44: INFO    : Running command: cp -rf "/tmp/PassThrough_MAIA_DFE_SIM/scratch/PassThrough-PassThroughKernel-final-simulation.pxg" "/home/milutinovic/WebIDE-Projects/NikolaJanjicNikolaDzajevicHW1/CPUCode/results/PassThrough-PassThroughKernel-final-simulation.pxg"
Tue 13:44: INFO    : Copying result 'PassThrough.h' to '/home/milutinovic/WebIDE-Projects/NikolaJanjicNikolaDzajevicHW1/CPUCode/results/PassThrough.h'
Tue 13:44: INFO    : Running command: cp -rf "/tmp/PassThrough_MAIA_DFE_SIM/scratch/PassThrough.h" "/home/milutinovic/WebIDE-Projects/NikolaJanjicNikolaDzajevicHW1/CPUCode/results/PassThrough.h"
Tue 13:44: INFO    : Copying result 'PassThrough.max' to '/home/milutinovic/WebIDE-Projects/NikolaJanjicNikolaDzajevicHW1/CPUCode/results/PassThrough.max'
Tue 13:44: INFO    : Running command: cp -rf "/tmp/PassThrough_MAIA_DFE_SIM/scratch/PassThrough.max" "/home/milutinovic/WebIDE-Projects/NikolaJanjicNikolaDzajevicHW1/CPUCode/results/PassThrough.max"
Tue 13:44: PROGRESS: MaxFile: /tmp/PassThrough_MAIA_DFE_SIM/results/PassThrough.max (MD5Sum: 5ceb889f79d462d1cbc5b3511e732d2c)
Tue 13:44: INFO    : Waiting for any outstanding jobs to finish... 
Tue 13:44: PROGRESS: Build completed: Tue Nov 14 13:44:39 UTC 2023 (took 8 secs)
